<?xml version="1.0" encoding="UTF-8"?>
<!-- Generated by org.testng.reporters.JUnitReportReporter -->
<testsuite hostname="LAPTOP-BNR3IMEH" failures="0" tests="1" name="com.miniProject.testClasses.Flipkart" time="41.316" errors="0" timestamp="2024-03-23T15:25:36 IST" skipped="0">
  <testcase classname="com.miniProject.testClasses.Flipkart" name="verifyAddToCart" time="41.316"/>
  <system-out/>
</testsuite> <!-- com.miniProject.testClasses.Flipkart -->
